[14:44:52] [main/INFO] (FabricLoader/GameProvider) Loading Minecraft 1.16.5 with Fabric Loader 0.16.10
[14:44:52] [main/INFO] (FabricLoader) Loading 50 mods:
	- fabric 0.42.0+1.16
	- fabric-api-base 0.4.0+3cc0f0907d
	- fabric-api-lookup-api-v1 1.3.1+3cc0f0907d
	- fabric-biome-api-v1 3.1.13+3cc0f0907d
	- fabric-blockrenderlayer-v1 1.1.6+3cc0f0907d
	- fabric-command-api-v1 1.1.3+3cc0f0907d
	- fabric-commands-v0 0.2.3+3cc0f0907d
	- fabric-containers-v0 0.1.12+3cc0f0907d
	- fabric-content-registries-v0 0.2.5+3cc0f0907d
	- fabric-crash-report-info-v1 0.1.4+3cc0f0907d
	- fabric-dimensions-v1 2.0.8+3cc0f0907d
	- fabric-entity-events-v1 1.2.4+3cc0f0907d
	- fabric-events-interaction-v0 0.4.5+3cc0f0907d
	- fabric-events-lifecycle-v0 0.2.2+3cc0f0907d
	- fabric-game-rule-api-v1 1.0.7+3cc0f0907d
	- fabric-item-api-v1 1.2.2+3cc0f0907d
	- fabric-item-groups-v0 0.3.1+3cc0f0907d
	- fabric-key-binding-api-v1 1.0.5+3cc0f0907d
	- fabric-keybindings-v0 0.2.2+3cc0f0907d
	- fabric-lifecycle-events-v1 1.2.2+3cc0f0907d
	- fabric-loot-tables-v1 1.0.3+3cc0f0907d
	- fabric-mining-levels-v0 0.1.4+3cc0f0907d
	- fabric-models-v0 0.3.1+3cc0f0907d
	- fabric-networking-api-v1 1.0.5+3cc0f0907d
	- fabric-networking-blockentity-v0 0.2.9+3cc0f0907d
	- fabric-networking-v0 0.3.3+3cc0f0907d
	- fabric-object-builder-api-v1 1.9.6+3cc0f0907d
	- fabric-object-builders-v0 0.7.3+3cc0f0907d
	- fabric-particles-v1 0.2.5+3cc0f0907d
	- fabric-registry-sync-v0 0.7.6+3cc0f0907d
	- fabric-renderer-api-v1 0.4.5+3cc0f0907d
	- fabric-renderer-indigo 0.4.5+3cc0f0907d
	- fabric-renderer-registries-v1 2.3.1+3cc0f0907d
	- fabric-rendering-data-attachment-v1 0.1.6+3cc0f0907d
	- fabric-rendering-fluids-v1 0.1.15+3cc0f0907d
	- fabric-rendering-v0 1.1.3+3cc0f0907d
	- fabric-rendering-v1 1.6.1+3cc0f0907d
	- fabric-resource-loader-v0 0.4.8+3cc0f0907d
	- fabric-screen-api-v1 1.0.1+3cc0f0907d
	- fabric-screen-handler-api-v1 1.1.6+3cc0f0907d
	- fabric-structure-api-v1 1.1.12+3cc0f0907d
	- fabric-tag-extensions-v0 1.1.2+3cc0f0907d
	- fabric-textures-v0 1.0.7+3cc0f0907d
	- fabric-tool-attribute-api-v1 1.2.8+3cc0f0907d
	- fabric-transfer-api-v1 1.5.0+3cc0f0907d
	- fabricloader 0.16.10
	- fireplus 1.0
	- java 21
	- minecraft 1.16.5
	- mixinextras 0.4.1
[14:44:52] [main/INFO] (FabricLoader/Mixin) SpongePowered MIXIN Subsystem Version=0.8.7 Source=file:/C:/Users/PC/.gradle/caches/modules-2/files-2.1/net.fabricmc/sponge-mixin/0.15.4+mixin.0.8.7/6a12aacc794f1078458433116e9ed42c1cc98096/sponge-mixin-0.15.4+mixin.0.8.7.jar Service=Knot/Fabric Env=CLIENT
[14:44:52] [main/INFO] (FabricLoader/Mixin) Loaded Fabric development mappings for mixin remapper!
[14:44:52] [main/INFO] (FabricLoader/MixinExtras|Service) Initializing MixinExtras via com.llamalad7.mixinextras.service.MixinExtrasServiceImpl(version=0.4.1).
[14:44:56] [main/INFO] (Minecraft) Environment: authHost='https://authserver.mojang.com', accountsHost='https://api.mojang.com', sessionHost='https://sessionserver.mojang.com', servicesHost='https://api.minecraftservices.com', name='PROD'
[14:44:57] [main/INFO] (Minecraft) Setting user: Player640
[14:44:57] [main/INFO] (Indigo) [Indigo] Registering Indigo renderer!
[14:44:57] [main/INFO] (Minecraft) [STDERR]: [LWJGL] [ThreadLocalUtil] Unsupported JNI version detected, this may result in a crash. Please inform LWJGL developers.
[14:44:57] [main/INFO] (Minecraft) Backend library: LWJGL version 3.3.2-snapshot
[14:44:59] [main/INFO] (Minecraft) Narrator library for x64 successfully loaded
[14:44:59] [main/INFO] (Minecraft) Reloading ResourceManager: Default, Fabric Mods (Fabric Renderer - Indigo, Fabric Dimensions API (v1), Fabric Crash Report Info (v1), Fabric Particles (v1), Fabric Game Rule API (v1), Fabric Registry Sync (v0), Fabric Loader, Fabric API, Fabric API Base, Fabric Key Bindings (v0), Fabric Command API (v1), Fabric Item Groups (v0), Fabric Mining Levels (v0), Fabric Networking API (v1), Fabric Networking (v0), Fabric Rendering Fluids (v1), Fabric Networking Block Entity (v0), Fabric Commands (v0), Fabric Transfer API (v1), Fabric Rendering (v0), Fabric Rendering Data Attachment (v1), Fabric Containers (v0), Fabric Renderer Registries (v1), Fabric Structure API (v1), Fabric Renderer API (v1), Fabric Content Registries (v0), Fabric Tag Extensions (v0), Fabric Loot Tables (v1), Fabric Key Binding API (v1), Fabric BlockRenderLayer Registration (v1), Fabric Item API (v1), Fabric Events Lifecycle (v0), Fabric Object Builder API (v1), Fabric Entity Events (v1), Fabric Tool Attribute API (v1), Fabric Object Builders (v0), Fabric Screen Handler API (v1), Fabric Biome API (v1), Fabric Events Interaction (v0), Fabric Screen API (v1), Fabric Lifecycle Events (v1), Fabric Resource Loader (v0), Fabric Rendering (v1), Fabric Textures (v0), Fabric API Lookup API (v1), Fabric Models (v0))
[14:44:59] [Realms Notification Availability checker #1/INFO] (Minecraft) Could not authorize you against Realms server: Invalid session id
[14:45:01] [main/INFO] (Minecraft) OpenAL initialized.
[14:45:01] [main/INFO] (Minecraft) Sound engine started
[14:45:01] [main/INFO] (Minecraft) Created: 1024x1024x4 minecraft:textures/atlas/blocks.png-atlas
[14:45:01] [main/INFO] (Minecraft) Created: 256x128x4 minecraft:textures/atlas/signs.png-atlas
[14:45:01] [main/INFO] (Minecraft) Created: 1024x512x4 minecraft:textures/atlas/banner_patterns.png-atlas
[14:45:01] [main/INFO] (Minecraft) Created: 1024x512x4 minecraft:textures/atlas/shield_patterns.png-atlas
[14:45:01] [main/INFO] (Minecraft) Created: 256x256x4 minecraft:textures/atlas/chest.png-atlas
[14:45:01] [main/INFO] (Minecraft) Created: 512x256x4 minecraft:textures/atlas/beds.png-atlas
[14:45:01] [main/INFO] (Minecraft) Created: 512x256x4 minecraft:textures/atlas/shulker_boxes.png-atlas
[14:45:02] [main/INFO] (Minecraft) Created: 256x256x0 minecraft:textures/atlas/particles.png-atlas
[14:45:02] [main/INFO] (Minecraft) Created: 256x256x0 minecraft:textures/atlas/paintings.png-atlas
[14:45:02] [main/INFO] (Minecraft) Created: 256x128x0 minecraft:textures/atlas/mob_effects.png-atlas
[14:45:06] [main/WARN] (Minecraft) Ambiguity between arguments [teleport, destination] and [teleport, targets] with inputs: [Player, 0123, @e, dd12be42-52a9-4a91-a8a1-11c01849e498]
[14:45:06] [main/WARN] (Minecraft) Ambiguity between arguments [teleport, location] and [teleport, destination] with inputs: [0.1 -0.5 .9, 0 0 0]
[14:45:06] [main/WARN] (Minecraft) Ambiguity between arguments [teleport, location] and [teleport, targets] with inputs: [0.1 -0.5 .9, 0 0 0]
[14:45:06] [main/WARN] (Minecraft) Ambiguity between arguments [teleport, targets] and [teleport, destination] with inputs: [Player, 0123, dd12be42-52a9-4a91-a8a1-11c01849e498]
[14:45:06] [main/WARN] (Minecraft) Ambiguity between arguments [teleport, targets, location] and [teleport, targets, destination] with inputs: [0.1 -0.5 .9, 0 0 0]
[14:45:06] [main/INFO] (Minecraft) Reloading ResourceManager: Default, Fabric Mods (Fabric Tool Attribute API (v1))
[14:45:06] [main/INFO] (Minecraft) Loaded 7 recipes
[14:45:06] [main/INFO] (Minecraft) Loaded 927 advancements
[14:45:06] [main/INFO] (BiomeModificationImpl) Applied 0 biome modifications to 0 of 79 new biomes in 1.596 ms
[14:45:06] [main/INFO] (Minecraft) Environment: authHost='https://authserver.mojang.com', accountsHost='https://api.mojang.com', sessionHost='https://sessionserver.mojang.com', servicesHost='https://api.minecraftservices.com', name='PROD'
[14:45:06] [Server thread/INFO] (Minecraft) Starting integrated minecraft server version 1.16.5
[14:45:06] [Server thread/INFO] (Minecraft) Generating keypair
[14:45:06] [Server thread/INFO] (Minecraft) Preparing start region for dimension minecraft:overworld
[14:45:07] [main/INFO] (Minecraft) Подготовка области возрождения: 0%
[14:45:07] [main/INFO] (Minecraft) Подготовка области возрождения: 0%
[14:45:07] [main/INFO] (Minecraft) Time elapsed: 774 ms
[14:45:07] [Server thread/INFO] (Minecraft) Changing view distance to 11, from 10
[14:45:08] [Server thread/INFO] (Minecraft) Player640[local:E:bb18a3e8] logged in with entity id 231 at (103.70803046656107, 77.69892149874639, 20.01091583778956)
[14:45:08] [Server thread/INFO] (Minecraft) Player640 присоединился к игре
[14:45:08] [Server thread/INFO] (Minecraft) Saving and pausing game...
[14:45:08] [Server thread/INFO] (Minecraft) Saving chunks for level 'ServerLevel[Новый мир]'/minecraft:overworld
[14:45:08] [main/INFO] (Minecraft) Loaded 0 advancements
[14:45:09] [Server thread/INFO] (Minecraft) Saving chunks for level 'ServerLevel[Новый мир]'/minecraft:the_nether
[14:45:09] [Server thread/INFO] (Minecraft) Saving chunks for level 'ServerLevel[Новый мир]'/minecraft:the_end
[14:45:09] [Server thread/INFO] (Minecraft) Saving and pausing game...
[14:45:09] [Server thread/INFO] (Minecraft) Saving chunks for level 'ServerLevel[Новый мир]'/minecraft:overworld
[14:45:09] [Server thread/INFO] (Minecraft) Saving chunks for level 'ServerLevel[Новый мир]'/minecraft:the_nether
[14:45:09] [Server thread/INFO] (Minecraft) Saving chunks for level 'ServerLevel[Новый мир]'/minecraft:the_end
[14:45:16] [main/INFO] (Minecraft) Stopping!
[14:45:16] [Server thread/INFO] (Minecraft) Player640 lost connection: Отключение
[14:45:16] [Server thread/INFO] (Minecraft) Player640 покинул игру
[14:45:16] [Server thread/INFO] (Minecraft) Stopping singleplayer server as player logged out
[14:45:16] [Server thread/INFO] (Minecraft) Stopping server
[14:45:16] [Server thread/INFO] (Minecraft) Saving players
[14:45:16] [Server thread/INFO] (Minecraft) Saving worlds
[14:45:16] [Server thread/INFO] (Minecraft) Saving chunks for level 'ServerLevel[Новый мир]'/minecraft:overworld
[14:45:16] [Server thread/INFO] (Minecraft) ThreadedAnvilChunkStorage (Новый мир): All chunks are saved
[14:45:16] [Server thread/INFO] (Minecraft) Saving chunks for level 'ServerLevel[Новый мир]'/minecraft:the_nether
[14:45:16] [Server thread/INFO] (Minecraft) ThreadedAnvilChunkStorage (DIM-1): All chunks are saved
[14:45:16] [Server thread/INFO] (Minecraft) Saving chunks for level 'ServerLevel[Новый мир]'/minecraft:the_end
[14:45:16] [Server thread/INFO] (Minecraft) ThreadedAnvilChunkStorage (DIM1): All chunks are saved
[14:45:16] [Server thread/INFO] (Minecraft) ThreadedAnvilChunkStorage (Новый мир): All chunks are saved
[14:45:16] [Server thread/INFO] (Minecraft) ThreadedAnvilChunkStorage (DIM-1): All chunks are saved
[14:45:16] [Server thread/INFO] (Minecraft) ThreadedAnvilChunkStorage (DIM1): All chunks are saved
